2020-10-19 09:42:24,667 DEBUG [Finalizer] PoolingHttpClientConnectionManager:408 - Connection manager is shutting down
2020-10-19 09:42:24,670 DEBUG [Finalizer] PoolingHttpClientConnectionManager:414 - Connection manager shut down
2020-10-19 09:42:24,671 DEBUG [Finalizer] PoolingHttpClientConnectionManager:408 - Connection manager is shutting down
2020-10-19 09:42:24,671 DEBUG [Finalizer] PoolingHttpClientConnectionManager:414 - Connection manager shut down
2020-10-19 09:42:24,705 DEBUG [TestNG-test=Orange HRM Regression Tests -- firefox-2] RequestAddCookies:123 - CookieSpec selected: standard
2020-10-19 09:42:24,740 DEBUG [TestNG-test=Orange HRM Regression Tests -- firefox-2] RequestAuthCache:77 - Auth cache not set in the context
2020-10-19 09:42:24,742 DEBUG [TestNG-test=Orange HRM Regression Tests -- firefox-2] PoolingHttpClientConnectionManager:265 - Connection request: [route: {s}->https://raw.githubusercontent.com:443][total kept alive: 0; route allocated: 0 of 2; total allocated: 0 of 20]
2020-10-19 09:42:24,776 DEBUG [TestNG-test=Orange HRM Regression Tests -- firefox-2] PoolingHttpClientConnectionManager:309 - Connection leased: [id: 0][route: {s}->https://raw.githubusercontent.com:443][total kept alive: 0; route allocated: 1 of 2; total allocated: 1 of 20]
2020-10-19 09:42:24,780 DEBUG [TestNG-test=Orange HRM Regression Tests -- firefox-2] MainClientExec:235 - Opening connection {s}->https://raw.githubusercontent.com:443
2020-10-19 09:42:24,800 DEBUG [TestNG-test=Orange HRM Regression Tests -- firefox-2] DefaultHttpClientConnectionOperator:139 - Connecting to raw.githubusercontent.com/151.101.4.133:443
2020-10-19 09:42:24,801 DEBUG [TestNG-test=Orange HRM Regression Tests -- firefox-2] SSLConnectionSocketFactory:337 - Connecting socket to raw.githubusercontent.com/151.101.4.133:443 with timeout 0
2020-10-19 09:42:24,871 DEBUG [TestNG-test=Orange HRM Regression Tests -- firefox-2] SSLConnectionSocketFactory:390 - Enabled protocols: [TLSv1, TLSv1.1, TLSv1.2]
2020-10-19 09:42:24,872 DEBUG [TestNG-test=Orange HRM Regression Tests -- firefox-2] SSLConnectionSocketFactory:391 - Enabled cipher suites:[TLS_ECDHE_ECDSA_WITH_AES_256_CBC_SHA384, TLS_ECDHE_RSA_WITH_AES_256_CBC_SHA384, TLS_RSA_WITH_AES_256_CBC_SHA256, TLS_ECDH_ECDSA_WITH_AES_256_CBC_SHA384, TLS_ECDH_RSA_WITH_AES_256_CBC_SHA384, TLS_DHE_RSA_WITH_AES_256_CBC_SHA256, TLS_DHE_DSS_WITH_AES_256_CBC_SHA256, TLS_ECDHE_ECDSA_WITH_AES_256_CBC_SHA, TLS_ECDHE_RSA_WITH_AES_256_CBC_SHA, TLS_RSA_WITH_AES_256_CBC_SHA, TLS_ECDH_ECDSA_WITH_AES_256_CBC_SHA, TLS_ECDH_RSA_WITH_AES_256_CBC_SHA, TLS_DHE_RSA_WITH_AES_256_CBC_SHA, TLS_DHE_DSS_WITH_AES_256_CBC_SHA, TLS_ECDHE_ECDSA_WITH_AES_128_CBC_SHA256, TLS_ECDHE_RSA_WITH_AES_128_CBC_SHA256, TLS_RSA_WITH_AES_128_CBC_SHA256, TLS_ECDH_ECDSA_WITH_AES_128_CBC_SHA256, TLS_ECDH_RSA_WITH_AES_128_CBC_SHA256, TLS_DHE_RSA_WITH_AES_128_CBC_SHA256, TLS_DHE_DSS_WITH_AES_128_CBC_SHA256, TLS_ECDHE_ECDSA_WITH_AES_128_CBC_SHA, TLS_ECDHE_RSA_WITH_AES_128_CBC_SHA, TLS_RSA_WITH_AES_128_CBC_SHA, TLS_ECDH_ECDSA_WITH_AES_128_CBC_SHA, TLS_ECDH_RSA_WITH_AES_128_CBC_SHA, TLS_DHE_RSA_WITH_AES_128_CBC_SHA, TLS_DHE_DSS_WITH_AES_128_CBC_SHA, TLS_ECDHE_ECDSA_WITH_AES_256_GCM_SHA384, TLS_ECDHE_ECDSA_WITH_AES_128_GCM_SHA256, TLS_ECDHE_RSA_WITH_AES_256_GCM_SHA384, TLS_RSA_WITH_AES_256_GCM_SHA384, TLS_ECDH_ECDSA_WITH_AES_256_GCM_SHA384, TLS_ECDH_RSA_WITH_AES_256_GCM_SHA384, TLS_DHE_RSA_WITH_AES_256_GCM_SHA384, TLS_DHE_DSS_WITH_AES_256_GCM_SHA384, TLS_ECDHE_RSA_WITH_AES_128_GCM_SHA256, TLS_RSA_WITH_AES_128_GCM_SHA256, TLS_ECDH_ECDSA_WITH_AES_128_GCM_SHA256, TLS_ECDH_RSA_WITH_AES_128_GCM_SHA256, TLS_DHE_RSA_WITH_AES_128_GCM_SHA256, TLS_DHE_DSS_WITH_AES_128_GCM_SHA256, TLS_EMPTY_RENEGOTIATION_INFO_SCSV]
2020-10-19 09:42:24,872 DEBUG [TestNG-test=Orange HRM Regression Tests -- firefox-2] SSLConnectionSocketFactory:395 - Starting handshake
2020-10-19 09:42:24,997 DEBUG [TestNG-test=Orange HRM Regression Tests -- firefox-2] SSLConnectionSocketFactory:425 - Secure session established
2020-10-19 09:42:24,997 DEBUG [TestNG-test=Orange HRM Regression Tests -- firefox-2] SSLConnectionSocketFactory:426 -  negotiated protocol: TLSv1.2
2020-10-19 09:42:24,998 DEBUG [TestNG-test=Orange HRM Regression Tests -- firefox-2] SSLConnectionSocketFactory:427 -  negotiated cipher suite: TLS_ECDHE_RSA_WITH_AES_128_GCM_SHA256
2020-10-19 09:42:24,998 DEBUG [TestNG-test=Orange HRM Regression Tests -- firefox-2] SSLConnectionSocketFactory:435 -  peer principal: CN=www.github.com, O="GitHub, Inc.", L=San Francisco, ST=California, C=US
2020-10-19 09:42:24,999 DEBUG [TestNG-test=Orange HRM Regression Tests -- firefox-2] SSLConnectionSocketFactory:444 -  peer alternative names: [www.github.com, *.github.com, github.com, *.github.io, github.io, *.githubusercontent.com, githubusercontent.com]
2020-10-19 09:42:25,000 DEBUG [TestNG-test=Orange HRM Regression Tests -- firefox-2] SSLConnectionSocketFactory:448 -  issuer principal: CN=DigiCert SHA2 High Assurance Server CA, OU=www.digicert.com, O=DigiCert Inc, C=US
2020-10-19 09:42:25,001 DEBUG [TestNG-test=Orange HRM Regression Tests -- firefox-2] DefaultHttpClientConnectionOperator:146 - Connection established 192.168.1.53:50517<->151.101.4.133:443
2020-10-19 09:42:25,002 DEBUG [TestNG-test=Orange HRM Regression Tests -- firefox-2] DefaultManagedHttpClientConnection:88 - http-outgoing-0: set socket timeout to 30000
2020-10-19 09:42:25,003 DEBUG [TestNG-test=Orange HRM Regression Tests -- firefox-2] MainClientExec:256 - Executing request GET /bonigarcia/webdrivermanager/master/src/main/resources/versions.properties HTTP/1.1
2020-10-19 09:42:25,003 DEBUG [TestNG-test=Orange HRM Regression Tests -- firefox-2] MainClientExec:261 - Target auth state: UNCHALLENGED
2020-10-19 09:42:25,004 DEBUG [TestNG-test=Orange HRM Regression Tests -- firefox-2] MainClientExec:267 - Proxy auth state: UNCHALLENGED
2020-10-19 09:42:25,006 DEBUG [TestNG-test=Orange HRM Regression Tests -- firefox-2] headers:133 - http-outgoing-0 >> GET /bonigarcia/webdrivermanager/master/src/main/resources/versions.properties HTTP/1.1
2020-10-19 09:42:25,007 DEBUG [TestNG-test=Orange HRM Regression Tests -- firefox-2] headers:136 - http-outgoing-0 >> User-Agent: Apache-HttpClient/4.5.6
2020-10-19 09:42:25,007 DEBUG [TestNG-test=Orange HRM Regression Tests -- firefox-2] headers:136 - http-outgoing-0 >> Connection: keep-alive
2020-10-19 09:42:25,008 DEBUG [TestNG-test=Orange HRM Regression Tests -- firefox-2] headers:136 - http-outgoing-0 >> Host: raw.githubusercontent.com
2020-10-19 09:42:25,008 DEBUG [TestNG-test=Orange HRM Regression Tests -- firefox-2] headers:136 - http-outgoing-0 >> Accept-Encoding: gzip,deflate
2020-10-19 09:42:25,009 DEBUG [TestNG-test=Orange HRM Regression Tests -- firefox-2] wire:73 - http-outgoing-0 >> "GET /bonigarcia/webdrivermanager/master/src/main/resources/versions.properties HTTP/1.1[\r][\n]"
2020-10-19 09:42:25,010 DEBUG [TestNG-test=Orange HRM Regression Tests -- firefox-2] wire:73 - http-outgoing-0 >> "User-Agent: Apache-HttpClient/4.5.6[\r][\n]"
2020-10-19 09:42:25,010 DEBUG [TestNG-test=Orange HRM Regression Tests -- firefox-2] wire:73 - http-outgoing-0 >> "Connection: keep-alive[\r][\n]"
2020-10-19 09:42:25,010 DEBUG [TestNG-test=Orange HRM Regression Tests -- firefox-2] wire:73 - http-outgoing-0 >> "Host: raw.githubusercontent.com[\r][\n]"
2020-10-19 09:42:25,011 DEBUG [TestNG-test=Orange HRM Regression Tests -- firefox-2] wire:73 - http-outgoing-0 >> "Accept-Encoding: gzip,deflate[\r][\n]"
2020-10-19 09:42:25,011 DEBUG [TestNG-test=Orange HRM Regression Tests -- firefox-2] wire:73 - http-outgoing-0 >> "[\r][\n]"
2020-10-19 09:42:25,169 DEBUG [TestNG-test=Orange HRM Regression Tests -- firefox-2] wire:73 - http-outgoing-0 << "HTTP/1.1 200 OK[\r][\n]"
2020-10-19 09:42:25,170 DEBUG [TestNG-test=Orange HRM Regression Tests -- firefox-2] wire:73 - http-outgoing-0 << "Connection: keep-alive[\r][\n]"
2020-10-19 09:42:25,170 DEBUG [TestNG-test=Orange HRM Regression Tests -- firefox-2] wire:73 - http-outgoing-0 << "Content-Length: 844[\r][\n]"
2020-10-19 09:42:25,171 DEBUG [TestNG-test=Orange HRM Regression Tests -- firefox-2] wire:73 - http-outgoing-0 << "Cache-Control: max-age=300[\r][\n]"
2020-10-19 09:42:25,171 DEBUG [TestNG-test=Orange HRM Regression Tests -- firefox-2] wire:73 - http-outgoing-0 << "Content-Security-Policy: default-src 'none'; style-src 'unsafe-inline'; sandbox[\r][\n]"
2020-10-19 09:42:25,171 DEBUG [TestNG-test=Orange HRM Regression Tests -- firefox-2] wire:73 - http-outgoing-0 << "Content-Type: text/plain; charset=utf-8[\r][\n]"
2020-10-19 09:42:25,171 DEBUG [TestNG-test=Orange HRM Regression Tests -- firefox-2] wire:73 - http-outgoing-0 << "ETag: W/"d7504a7c559317bb9f5bacf5d3fe2e3395dc0e0c32688445f95dacdf3dbef20f"[\r][\n]"
2020-10-19 09:42:25,172 DEBUG [TestNG-test=Orange HRM Regression Tests -- firefox-2] wire:73 - http-outgoing-0 << "Strict-Transport-Security: max-age=31536000[\r][\n]"
2020-10-19 09:42:25,172 DEBUG [TestNG-test=Orange HRM Regression Tests -- firefox-2] wire:73 - http-outgoing-0 << "X-Content-Type-Options: nosniff[\r][\n]"
2020-10-19 09:42:25,172 DEBUG [TestNG-test=Orange HRM Regression Tests -- firefox-2] wire:73 - http-outgoing-0 << "X-Frame-Options: deny[\r][\n]"
2020-10-19 09:42:25,173 DEBUG [TestNG-test=Orange HRM Regression Tests -- firefox-2] wire:73 - http-outgoing-0 << "X-XSS-Protection: 1; mode=block[\r][\n]"
2020-10-19 09:42:25,173 DEBUG [TestNG-test=Orange HRM Regression Tests -- firefox-2] wire:73 - http-outgoing-0 << "Via: 1.1 varnish (Varnish/6.0)[\r][\n]"
2020-10-19 09:42:25,173 DEBUG [TestNG-test=Orange HRM Regression Tests -- firefox-2] wire:73 - http-outgoing-0 << "X-GitHub-Request-Id: 7912:7F6B:968CD9:AD3E3F:5F8D8D53[\r][\n]"
2020-10-19 09:42:25,174 DEBUG [TestNG-test=Orange HRM Regression Tests -- firefox-2] wire:73 - http-outgoing-0 << "Content-Encoding: gzip[\r][\n]"
2020-10-19 09:42:25,174 DEBUG [TestNG-test=Orange HRM Regression Tests -- firefox-2] wire:73 - http-outgoing-0 << "Accept-Ranges: bytes[\r][\n]"
2020-10-19 09:42:25,174 DEBUG [TestNG-test=Orange HRM Regression Tests -- firefox-2] wire:73 - http-outgoing-0 << "Date: Mon, 19 Oct 2020 13:42:25 GMT[\r][\n]"
2020-10-19 09:42:25,174 DEBUG [TestNG-test=Orange HRM Regression Tests -- firefox-2] wire:73 - http-outgoing-0 << "Via: 1.1 varnish[\r][\n]"
2020-10-19 09:42:25,174 DEBUG [TestNG-test=Orange HRM Regression Tests -- firefox-2] wire:73 - http-outgoing-0 << "X-Served-By: cache-mia11355-MIA[\r][\n]"
2020-10-19 09:42:25,175 DEBUG [TestNG-test=Orange HRM Regression Tests -- firefox-2] wire:73 - http-outgoing-0 << "X-Cache: HIT, HIT[\r][\n]"
2020-10-19 09:42:25,175 DEBUG [TestNG-test=Orange HRM Regression Tests -- firefox-2] wire:73 - http-outgoing-0 << "X-Cache-Hits: 1, 1[\r][\n]"
2020-10-19 09:42:25,175 DEBUG [TestNG-test=Orange HRM Regression Tests -- firefox-2] wire:73 - http-outgoing-0 << "X-Timer: S1603114945.025518,VS0,VE137[\r][\n]"
2020-10-19 09:42:25,176 DEBUG [TestNG-test=Orange HRM Regression Tests -- firefox-2] wire:73 - http-outgoing-0 << "Vary: Authorization,Accept-Encoding[\r][\n]"
2020-10-19 09:42:25,176 DEBUG [TestNG-test=Orange HRM Regression Tests -- firefox-2] wire:73 - http-outgoing-0 << "Access-Control-Allow-Origin: *[\r][\n]"
2020-10-19 09:42:25,177 DEBUG [TestNG-test=Orange HRM Regression Tests -- firefox-2] wire:73 - http-outgoing-0 << "X-Fastly-Request-ID: 9c059586cb4467189f90b4f70830ec7f73579768[\r][\n]"
2020-10-19 09:42:25,177 DEBUG [TestNG-test=Orange HRM Regression Tests -- firefox-2] wire:73 - http-outgoing-0 << "Expires: Mon, 19 Oct 2020 13:47:25 GMT[\r][\n]"
2020-10-19 09:42:25,177 DEBUG [TestNG-test=Orange HRM Regression Tests -- firefox-2] wire:73 - http-outgoing-0 << "Source-Age: 191[\r][\n]"
2020-10-19 09:42:25,178 DEBUG [TestNG-test=Orange HRM Regression Tests -- firefox-2] wire:73 - http-outgoing-0 << "[\r][\n]"
2020-10-19 09:42:25,183 DEBUG [TestNG-test=Orange HRM Regression Tests -- firefox-2] headers:122 - http-outgoing-0 << HTTP/1.1 200 OK
2020-10-19 09:42:25,183 DEBUG [TestNG-test=Orange HRM Regression Tests -- firefox-2] headers:125 - http-outgoing-0 << Connection: keep-alive
2020-10-19 09:42:25,184 DEBUG [TestNG-test=Orange HRM Regression Tests -- firefox-2] headers:125 - http-outgoing-0 << Content-Length: 844
2020-10-19 09:42:25,184 DEBUG [TestNG-test=Orange HRM Regression Tests -- firefox-2] headers:125 - http-outgoing-0 << Cache-Control: max-age=300
2020-10-19 09:42:25,184 DEBUG [TestNG-test=Orange HRM Regression Tests -- firefox-2] headers:125 - http-outgoing-0 << Content-Security-Policy: default-src 'none'; style-src 'unsafe-inline'; sandbox
2020-10-19 09:42:25,184 DEBUG [TestNG-test=Orange HRM Regression Tests -- firefox-2] headers:125 - http-outgoing-0 << Content-Type: text/plain; charset=utf-8
2020-10-19 09:42:25,185 DEBUG [TestNG-test=Orange HRM Regression Tests -- firefox-2] headers:125 - http-outgoing-0 << ETag: W/"d7504a7c559317bb9f5bacf5d3fe2e3395dc0e0c32688445f95dacdf3dbef20f"
2020-10-19 09:42:25,185 DEBUG [TestNG-test=Orange HRM Regression Tests -- firefox-2] headers:125 - http-outgoing-0 << Strict-Transport-Security: max-age=31536000
2020-10-19 09:42:25,186 DEBUG [TestNG-test=Orange HRM Regression Tests -- firefox-2] headers:125 - http-outgoing-0 << X-Content-Type-Options: nosniff
2020-10-19 09:42:25,186 DEBUG [TestNG-test=Orange HRM Regression Tests -- firefox-2] headers:125 - http-outgoing-0 << X-Frame-Options: deny
2020-10-19 09:42:25,186 DEBUG [TestNG-test=Orange HRM Regression Tests -- firefox-2] headers:125 - http-outgoing-0 << X-XSS-Protection: 1; mode=block
2020-10-19 09:42:25,187 DEBUG [TestNG-test=Orange HRM Regression Tests -- firefox-2] headers:125 - http-outgoing-0 << Via: 1.1 varnish (Varnish/6.0)
2020-10-19 09:42:25,187 DEBUG [TestNG-test=Orange HRM Regression Tests -- firefox-2] headers:125 - http-outgoing-0 << X-GitHub-Request-Id: 7912:7F6B:968CD9:AD3E3F:5F8D8D53
2020-10-19 09:42:25,187 DEBUG [TestNG-test=Orange HRM Regression Tests -- firefox-2] headers:125 - http-outgoing-0 << Content-Encoding: gzip
2020-10-19 09:42:25,187 DEBUG [TestNG-test=Orange HRM Regression Tests -- firefox-2] headers:125 - http-outgoing-0 << Accept-Ranges: bytes
2020-10-19 09:42:25,187 DEBUG [TestNG-test=Orange HRM Regression Tests -- firefox-2] headers:125 - http-outgoing-0 << Date: Mon, 19 Oct 2020 13:42:25 GMT
2020-10-19 09:42:25,188 DEBUG [TestNG-test=Orange HRM Regression Tests -- firefox-2] headers:125 - http-outgoing-0 << Via: 1.1 varnish
2020-10-19 09:42:25,188 DEBUG [TestNG-test=Orange HRM Regression Tests -- firefox-2] headers:125 - http-outgoing-0 << X-Served-By: cache-mia11355-MIA
2020-10-19 09:42:25,188 DEBUG [TestNG-test=Orange HRM Regression Tests -- firefox-2] headers:125 - http-outgoing-0 << X-Cache: HIT, HIT
2020-10-19 09:42:25,188 DEBUG [TestNG-test=Orange HRM Regression Tests -- firefox-2] headers:125 - http-outgoing-0 << X-Cache-Hits: 1, 1
2020-10-19 09:42:25,189 DEBUG [TestNG-test=Orange HRM Regression Tests -- firefox-2] headers:125 - http-outgoing-0 << X-Timer: S1603114945.025518,VS0,VE137
2020-10-19 09:42:25,189 DEBUG [TestNG-test=Orange HRM Regression Tests -- firefox-2] headers:125 - http-outgoing-0 << Vary: Authorization,Accept-Encoding
2020-10-19 09:42:25,189 DEBUG [TestNG-test=Orange HRM Regression Tests -- firefox-2] headers:125 - http-outgoing-0 << Access-Control-Allow-Origin: *
2020-10-19 09:42:25,189 DEBUG [TestNG-test=Orange HRM Regression Tests -- firefox-2] headers:125 - http-outgoing-0 << X-Fastly-Request-ID: 9c059586cb4467189f90b4f70830ec7f73579768
2020-10-19 09:42:25,190 DEBUG [TestNG-test=Orange HRM Regression Tests -- firefox-2] headers:125 - http-outgoing-0 << Expires: Mon, 19 Oct 2020 13:47:25 GMT
2020-10-19 09:42:25,190 DEBUG [TestNG-test=Orange HRM Regression Tests -- firefox-2] headers:125 - http-outgoing-0 << Source-Age: 191
2020-10-19 09:42:25,195 DEBUG [TestNG-test=Orange HRM Regression Tests -- firefox-2] MainClientExec:285 - Connection can be kept alive indefinitely
2020-10-19 09:42:25,203 DEBUG [TestNG-test=Orange HRM Regression Tests -- firefox-2] wire:73 - http-outgoing-0 << "[0x1f][0x8b][0x8][0x0][0x0][0x0][0x0][0x0][0x0][0x3][0x8d][0x96][0xcb]n[0xdb]0[0x10]E[0xf7][0xfe][\n]"
2020-10-19 09:42:25,203 DEBUG [TestNG-test=Orange HRM Regression Tests -- firefox-2] wire:73 - http-outgoing-0 << "[0x2]Y[0x87][0xe2][0x9b]T[0x0]n[0xfa]\[0x15]][0xb4]?[0xa0][0xd8][0x8c]-D6[\r]I[0x89][0x8b]~}[0x87]/[0x85]!Z[0xa0][0x8b][0x0][0xb9]G[0xc3][0xe1][0x88][0x1c][0xdd][0xf1][0x1d][0xfa]y[0x1a][0x17][0xf4]4N[0xe][0xed][0xfd]e[0x1d][0xc6][0xcb][0x82][0xd6][0x93]C[0xcf][0x17][0xbb][0xa0][0xc3]<[0xbe][0xba][0x19][0xc1][0xdf]2zx[0xb2][0xf7][0xe7][0xeb][0xb0][0x8e][0x8f][0x10]}[0x1b][0xd7]S[0x8c][0xdc][0xfb]yv[0xcb][0xd5]_[0xe][0xe3][0xe5][0x88][0x1e]g[[0xde][0x96][0xec]vw[0xe8]CB[0xf][0xe8][0xab][0xf7]GX[0xf9][0xf1]4[0xfb][0xb3]C[0xc3][0xe5][0x90][0xfe][0x1d]_[0xce][0xe8][0x1e]}[0x8a][=[0xa0]}|[0x9a]6[0x86][0xc5]?[0xfc][0xcb][0xbc]w[0xf][0xe8][0xb4][0xae][0xd7][0x87][0xae][0xab][0x9f][0xe2]}^[0x8d][0xfd]|[0xec][0xe]P[0xef][0xe4][0x87][0xc3][0xb2]K1F[[0xa3]1[0xc1][0x82][0x19][0x82][0x19])TY[0xa3]"[0x15]@Y[0xa1][0xd2][0x1a][0x19](5[0x1c][0x1b]][0xa8][0xb0]FD*4[0xe6][[0x6]n!(P[0xc2]1[0xef][0xb][0xa5][0xd6][0xd0]@[0x89][0x10][0x98]rS0[0xb1][0xb0];[0x81]8[0xa8][0x85][0x12][0x95][0xb1][0xee][0xad][0xee]#[0x16][0x12][0xf3][0x8d][0x1a][0xab]M[0xa4][0x4]r[0x10]Y[0xb0][0xb6]:[0xbc][0x8]7JB[0xfe]B[0x95][0xd5]*R[0xd2]c[0xca][0xb6][0x1c][0xd2][0xea][0xf0]&\k[0x82][0xe9][[0xb4][0xb0]ZD[0xcc]z[0xbc][0xc5]r[0xab][0xc3][0x9b]p[0x5]/[0xa4]J[0xc9][0x9a]Y[0x86][0xc5][0x16]C[0xdf])[0x12]T)L[0xf5]A[0x89][0xa2]LP[0xe5]D[0x95][0xe][0x8a][0x16][0xa5][0x82]*[0xc5]([0x9]j;"%[0x82]*g[0xae]xPe?[0x15]j[0xe1][0xdb]~[0xa1][0x16][0xbe][0xed][0x17]j[0xe1][0xfc]][0x83]}[0xf3][0xbf][0xc7]i[0x1a][0xd0][0x97]qvO[0xfe]W[0xd5]UG[0xb7][0xf6]m[0xaa][0x5][0xba][0xea][0x8][0xbd][0xfc][0xf2][0x88][0xa1][0xbb][0xbb]sJ[0xd1]U[0xb][0xba][0xd9]MnX[0xdc][0xb2]{Jy[0xe1][0xb2][0xa1]y[0xe0]N6@[0x1a][0x0][0x17][0xdc][0x0][0x13][0x80][0xaa][0x80]n[0x81]j[0x81]l[0x81]h[0x1]o[0x1]k[0x1]m[0x1]i[0x80][0xea][[0x10]+[0x95][0x15][0x88][0x95][0x8a][\n]"
2020-10-19 09:42:25,204 DEBUG [TestNG-test=Orange HRM Regression Tests -- firefox-2] wire:73 - http-outgoing-0 << "[0xa8][0x16][0xc8][0x16][0xc4]Jy[0x5]x[0xb]b[0xa5][0xac][0x2][0xb1]RZ[0x1][0xd2][0x0][0xd9][0xb7][0xc0][0xb4]@[0xb7] VJ* [0xb][0xa8][0xdb][0xe6][0xfb][0xd5][0xcd]C[0xd5],>[0xe8][0xff]i[0x96][0x18][0xb8][0xf8][0xa7][0xf5]6[0xcc].[0xa9][0xe2]Im[0xeb][0xc4][0x87]p[0x1d]o>C[0x9][0xcb][0x94]T>c[0xfa][0x4][0xe1]^[0xde]l[0xa6][0xd7][0x19][0x9a][0xda]e([0xcf]T[0xbf]3[0x19][0x92][0xa9][0xaa]<F[0x97][0xac][0xb2][0xb2][0x18]S[0xb2][0x8a][0xca]`(+[0xeb]ym0<[0xd7][\n]"
2020-10-19 09:42:25,204 DEBUG [TestNG-test=Orange HRM Regression Tests -- firefox-2] wire:73 - http-outgoing-0 << "[0xf7]V[0xf9][0xcb][0xb6]W[0xf6][0x85](d_[0x8b][0xec][\n]"
2020-10-19 09:42:25,204 DEBUG [TestNG-test=Orange HRM Regression Tests -- firefox-2] wire:73 - http-outgoing-0 << "IdSH"{B[0x12][0xd9][0x12][0x92][0xc8][0x8e][0x90]D6[0x84]$[0xb2][0x1f]$A[0x93][0x1]$A*!B[0x5][0xa5]b[0x11]*[0xe0]y[0x1f][0x11]*`[0xf9]0[0x84]J[0xe2][0x9d][0x83][0x8c][0xfb][0xd9][0x87][0x1b]E[0x9f][0xf]GW[0xf5][0xc4]yq[0x0][0xfe][0xd9][0x14][0x7][0xf7][0xea][0xa6][0x90][0x15][0x9f]K[0x86][0xd8]![0xee]r[0xff][0xb2]t[0x1b][0xbb][0xf]I[0xba][0xd5][0xfb]i[0xe9]n[0xee]17[0xc9].[0xd0]2[0xaf][0x94][\n]"
2020-10-19 09:42:25,204 DEBUG [TestNG-test=Orange HRM Regression Tests -- firefox-2] wire:73 - http-outgoing-0 << "[0x1f]c$yV)[0x16][0xcf]&[0xa2]<[0xa8][0xa4][0x12]X[0xe7][0xa8]<[0xa5]d[0xfc][0x0]#)[0x13][\n]"
2020-10-19 09:42:25,205 DEBUG [TestNG-test=Orange HRM Regression Tests -- firefox-2] wire:73 - http-outgoing-0 << "[0xae]Z[0xe6]u[0xcc][0x1a][0x16][0x90][0x84][0xbb]L[0xa4][0xc],[0xaa][0xb0][0xd6][0x9][0x95]a[0xa5](4W[\n]"
2020-10-19 09:42:25,205 DEBUG [TestNG-test=Orange HRM Regression Tests -- firefox-2] wire:73 - http-outgoing-0 << "[0xdb]&[0x15][0xe5]9{[0x99]R,[0xf4]L"y@1[0xbe][0x91]<[0x9c]B[0x9b]g[0x92][0xe7][0x12][0xe5]}[0x18][0xc6][0x1][0x9]a[0xaf][0xb3][0xbb][0x87][0x1f][0x1c][0xeb]0M[0xee][0x90] [0xb3][\n]"
2020-10-19 09:42:25,205 DEBUG [TestNG-test=Orange HRM Regression Tests -- firefox-2] wire:87 - http-outgoing-0 << "SM[0xc1][0xe6][0xa3][0xa4][0x16]ZR[0xb1][0xbe]O[0x92]X[0xe8]{I[0x14][0x8f][0x92][0x1b][0xb][0x9f][0x91][0xe0]}[0x92],4[0x11][0xcc]M[0xa3][0x92]$[0x96][0x86][0x8f][0xc]z[0xec][0xf][0xa3][0xc6]o[0xe4][0xe6][0x8][0x0][0x0]"
2020-10-19 09:42:25,207 DEBUG [TestNG-test=Orange HRM Regression Tests -- firefox-2] PoolingHttpClientConnectionManager:341 - Connection [id: 0][route: {s}->https://raw.githubusercontent.com:443] can be kept alive indefinitely
2020-10-19 09:42:25,207 DEBUG [TestNG-test=Orange HRM Regression Tests -- firefox-2] DefaultManagedHttpClientConnection:88 - http-outgoing-0: set socket timeout to 0
2020-10-19 09:42:25,207 DEBUG [TestNG-test=Orange HRM Regression Tests -- firefox-2] PoolingHttpClientConnectionManager:348 - Connection released: [id: 0][route: {s}->https://raw.githubusercontent.com:443][total kept alive: 1; route allocated: 1 of 2; total allocated: 1 of 20]
2020-10-19 09:42:28,178  INFO [TestNG-test=Orange HRM Regression Tests -- chrome-2] LoginPageTest:55 - starting title method -----------------> verify login page
2020-10-19 09:42:28,191  INFO [TestNG-test=Orange HRM Regression Tests -- chrome-2] LoginPageTest:59 - ending title method ---------------------> verify login page
2020-10-19 09:42:28,192  WARN [TestNG-test=Orange HRM Regression Tests -- chrome-2] LoginPageTest:60 - some warning
2020-10-19 09:42:28,192 ERROR [TestNG-test=Orange HRM Regression Tests -- chrome-2] LoginPageTest:61 - some error
2020-10-19 09:42:28,192 FATAL [TestNG-test=Orange HRM Regression Tests -- chrome-2] LoginPageTest:62 - fatal error
2020-10-19 09:42:32,499  INFO [TestNG-test=Orange HRM Regression Tests -- chrome-2] LoginPageTest:69 - starting Forget pass-----------------> login page
2020-10-19 09:42:32,546  INFO [TestNG-test=Orange HRM Regression Tests -- chrome-2] LoginPageTest:71 - ending Forget pass method ---------------------> login page
2020-10-19 09:42:32,546  WARN [TestNG-test=Orange HRM Regression Tests -- chrome-2] LoginPageTest:72 - some warning
2020-10-19 09:42:32,546 ERROR [TestNG-test=Orange HRM Regression Tests -- chrome-2] LoginPageTest:73 - some error
2020-10-19 09:42:32,546 FATAL [TestNG-test=Orange HRM Regression Tests -- chrome-2] LoginPageTest:74 - fatal error
2020-10-19 09:42:33,205  INFO [TestNG-test=Orange HRM Regression Tests -- firefox-2] LoginPageTest:55 - starting title method -----------------> verify login page
2020-10-19 09:42:33,209  INFO [TestNG-test=Orange HRM Regression Tests -- firefox-2] LoginPageTest:59 - ending title method ---------------------> verify login page
2020-10-19 09:42:33,209  WARN [TestNG-test=Orange HRM Regression Tests -- firefox-2] LoginPageTest:60 - some warning
2020-10-19 09:42:33,210 ERROR [TestNG-test=Orange HRM Regression Tests -- firefox-2] LoginPageTest:61 - some error
2020-10-19 09:42:33,210 FATAL [TestNG-test=Orange HRM Regression Tests -- firefox-2] LoginPageTest:62 - fatal error
2020-10-19 09:42:35,037  INFO [TestNG-test=Orange HRM Regression Tests -- chrome-2] LoginPageTest:81 - starting login test-----------------> login page
2020-10-19 09:42:35,243 DEBUG [Finalizer] PoolingHttpClientConnectionManager:408 - Connection manager is shutting down
2020-10-19 09:42:35,243 DEBUG [Finalizer] PoolingHttpClientConnectionManager:414 - Connection manager shut down
2020-10-19 09:42:35,243 DEBUG [Finalizer] PoolingHttpClientConnectionManager:408 - Connection manager is shutting down
2020-10-19 09:42:35,243 DEBUG [Finalizer] DefaultManagedHttpClientConnection:79 - http-outgoing-0: Close connection
2020-10-19 09:42:35,253 DEBUG [Finalizer] PoolingHttpClientConnectionManager:414 - Connection manager shut down
2020-10-19 09:42:35,256 DEBUG [Finalizer] PoolingHttpClientConnectionManager:408 - Connection manager is shutting down
2020-10-19 09:42:35,259 DEBUG [Finalizer] PoolingHttpClientConnectionManager:414 - Connection manager shut down
2020-10-19 09:42:35,261 DEBUG [Finalizer] PoolingHttpClientConnectionManager:408 - Connection manager is shutting down
2020-10-19 09:42:35,261 DEBUG [Finalizer] PoolingHttpClientConnectionManager:414 - Connection manager shut down
2020-10-19 09:42:35,264 DEBUG [Finalizer] PoolingHttpClientConnectionManager:408 - Connection manager is shutting down
2020-10-19 09:42:35,264 DEBUG [Finalizer] PoolingHttpClientConnectionManager:414 - Connection manager shut down
2020-10-19 09:42:37,054  INFO [TestNG-test=Orange HRM Regression Tests -- chrome-2] LoginPageTest:86 - ending login method --------------------->  login page
2020-10-19 09:42:37,055  WARN [TestNG-test=Orange HRM Regression Tests -- chrome-2] LoginPageTest:87 - some warning
2020-10-19 09:42:37,055 ERROR [TestNG-test=Orange HRM Regression Tests -- chrome-2] LoginPageTest:88 - some error
2020-10-19 09:42:37,055 FATAL [TestNG-test=Orange HRM Regression Tests -- chrome-2] LoginPageTest:89 - fatal error
2020-10-19 09:42:39,470  INFO [TestNG-test=Orange HRM Regression Tests -- firefox-2] LoginPageTest:69 - starting Forget pass-----------------> login page
2020-10-19 09:42:39,591  INFO [TestNG-test=Orange HRM Regression Tests -- firefox-2] LoginPageTest:71 - ending Forget pass method ---------------------> login page
2020-10-19 09:42:39,591  WARN [TestNG-test=Orange HRM Regression Tests -- firefox-2] LoginPageTest:72 - some warning
2020-10-19 09:42:39,591 ERROR [TestNG-test=Orange HRM Regression Tests -- firefox-2] LoginPageTest:73 - some error
2020-10-19 09:42:39,591 FATAL [TestNG-test=Orange HRM Regression Tests -- firefox-2] LoginPageTest:74 - fatal error
2020-10-19 09:42:44,360 DEBUG [TestNG-tests-2] cache:45 - Couldn't find template in cache for "index.ftl"("en", UTF-8, parsed); will try to load it.
2020-10-19 09:42:44,361 DEBUG [TestNG-tests-2] cache:45 - TemplateLoader.findTemplateSource("index_en.ftl"): Not found
2020-10-19 09:42:44,365 DEBUG [TestNG-tests-2] cache:45 - TemplateLoader.findTemplateSource("index.ftl"): Found
2020-10-19 09:42:44,366 DEBUG [TestNG-tests-2] cache:45 - Loading template for "index.ftl"("en", UTF-8, parsed) from "jar:file:/Users/ibrahimbozkurt/.m2/repository/com/aventstack/extentreports/3.1.5/extentreports-3.1.5.jar!/com/aventstack/extentreports/view/html-report/index.ftl"
2020-10-19 09:42:44,472 DEBUG [Finalizer] PoolingHttpClientConnectionManager:408 - Connection manager is shutting down
2020-10-19 09:42:44,472 DEBUG [Finalizer] PoolingHttpClientConnectionManager:414 - Connection manager shut down
2020-10-19 09:42:44,472 DEBUG [Finalizer] PoolingHttpClientConnectionManager:408 - Connection manager is shutting down
2020-10-19 09:42:44,473 DEBUG [Finalizer] PoolingHttpClientConnectionManager:414 - Connection manager shut down
2020-10-19 09:42:44,473 DEBUG [Finalizer] PoolingHttpClientConnectionManager:408 - Connection manager is shutting down
2020-10-19 09:42:44,473 DEBUG [Finalizer] PoolingHttpClientConnectionManager:414 - Connection manager shut down
2020-10-19 09:42:44,474 DEBUG [Finalizer] PoolingHttpClientConnectionManager:408 - Connection manager is shutting down
2020-10-19 09:42:44,474 DEBUG [Finalizer] PoolingHttpClientConnectionManager:414 - Connection manager shut down
2020-10-19 09:42:44,474 DEBUG [Finalizer] PoolingHttpClientConnectionManager:408 - Connection manager is shutting down
2020-10-19 09:42:44,474 DEBUG [Finalizer] PoolingHttpClientConnectionManager:414 - Connection manager shut down
2020-10-19 09:42:44,801 DEBUG [TestNG-tests-2] cache:45 - Couldn't find template in cache for "head.ftl"("en", UTF-8, parsed); will try to load it.
2020-10-19 09:42:44,801 DEBUG [TestNG-tests-2] cache:45 - TemplateLoader.findTemplateSource("head_en.ftl"): Not found
2020-10-19 09:42:44,801 DEBUG [TestNG-tests-2] cache:45 - TemplateLoader.findTemplateSource("head.ftl"): Found
2020-10-19 09:42:44,802 DEBUG [TestNG-tests-2] cache:45 - Loading template for "head.ftl"("en", UTF-8, parsed) from "jar:file:/Users/ibrahimbozkurt/.m2/repository/com/aventstack/extentreports/3.1.5/extentreports-3.1.5.jar!/com/aventstack/extentreports/view/html-report/head.ftl"
2020-10-19 09:42:44,805 DEBUG [TestNG-tests-2] cache:45 - Couldn't find template in cache for "nav.ftl"("en", UTF-8, parsed); will try to load it.
2020-10-19 09:42:44,805 DEBUG [TestNG-tests-2] cache:45 - TemplateLoader.findTemplateSource("nav_en.ftl"): Not found
2020-10-19 09:42:44,805 DEBUG [TestNG-tests-2] cache:45 - TemplateLoader.findTemplateSource("nav.ftl"): Found
2020-10-19 09:42:44,806 DEBUG [TestNG-tests-2] cache:45 - Loading template for "nav.ftl"("en", UTF-8, parsed) from "jar:file:/Users/ibrahimbozkurt/.m2/repository/com/aventstack/extentreports/3.1.5/extentreports-3.1.5.jar!/com/aventstack/extentreports/view/html-report/nav.ftl"
2020-10-19 09:42:44,813 DEBUG [TestNG-tests-2] cache:45 - Couldn't find template in cache for "test-view/test-view.ftl"("en", UTF-8, parsed); will try to load it.
2020-10-19 09:42:44,813 DEBUG [TestNG-tests-2] cache:45 - TemplateLoader.findTemplateSource("test-view/test-view_en.ftl"): Not found
2020-10-19 09:42:44,813 DEBUG [TestNG-tests-2] cache:45 - TemplateLoader.findTemplateSource("test-view/test-view.ftl"): Found
2020-10-19 09:42:44,813 DEBUG [TestNG-tests-2] cache:45 - Loading template for "test-view/test-view.ftl"("en", UTF-8, parsed) from "jar:file:/Users/ibrahimbozkurt/.m2/repository/com/aventstack/extentreports/3.1.5/extentreports-3.1.5.jar!/com/aventstack/extentreports/view/html-report/test-view/test-view.ftl"
2020-10-19 09:42:44,827 DEBUG [TestNG-tests-2] cache:45 - Couldn't find template in cache for "test-view/test-view-charts.ftl"("en", UTF-8, parsed); will try to load it.
2020-10-19 09:42:44,827 DEBUG [TestNG-tests-2] cache:45 - TemplateLoader.findTemplateSource("test-view/test-view-charts_en.ftl"): Not found
2020-10-19 09:42:44,827 DEBUG [TestNG-tests-2] cache:45 - TemplateLoader.findTemplateSource("test-view/test-view-charts.ftl"): Found
2020-10-19 09:42:44,828 DEBUG [TestNG-tests-2] cache:45 - Loading template for "test-view/test-view-charts.ftl"("en", UTF-8, parsed) from "jar:file:/Users/ibrahimbozkurt/.m2/repository/com/aventstack/extentreports/3.1.5/extentreports-3.1.5.jar!/com/aventstack/extentreports/view/html-report/test-view/test-view-charts.ftl"
2020-10-19 09:42:44,841 DEBUG [TestNG-tests-2] cache:45 - Couldn't find template in cache for "test-view/standard.ftl"("en", UTF-8, parsed); will try to load it.
2020-10-19 09:42:44,842 DEBUG [TestNG-tests-2] cache:45 - TemplateLoader.findTemplateSource("test-view/standard_en.ftl"): Not found
2020-10-19 09:42:44,842 DEBUG [TestNG-tests-2] cache:45 - TemplateLoader.findTemplateSource("test-view/standard.ftl"): Found
2020-10-19 09:42:44,843 DEBUG [TestNG-tests-2] cache:45 - Loading template for "test-view/standard.ftl"("en", UTF-8, parsed) from "jar:file:/Users/ibrahimbozkurt/.m2/repository/com/aventstack/extentreports/3.1.5/extentreports-3.1.5.jar!/com/aventstack/extentreports/view/html-report/test-view/standard.ftl"
2020-10-19 09:42:44,861 DEBUG [TestNG-tests-2] cache:45 - "test-view/standard.ftl"("en", UTF-8, parsed) cached copy not yet stale; using cached.
2020-10-19 09:42:44,862 DEBUG [TestNG-tests-2] cache:45 - "test-view/standard.ftl"("en", UTF-8, parsed) cached copy not yet stale; using cached.
2020-10-19 09:42:44,863 DEBUG [TestNG-tests-2] cache:45 - "test-view/standard.ftl"("en", UTF-8, parsed) cached copy not yet stale; using cached.
2020-10-19 09:42:44,865 DEBUG [TestNG-tests-2] cache:45 - "test-view/standard.ftl"("en", UTF-8, parsed) cached copy not yet stale; using cached.
2020-10-19 09:42:44,866 DEBUG [TestNG-tests-2] cache:45 - "test-view/standard.ftl"("en", UTF-8, parsed) cached copy not yet stale; using cached.
2020-10-19 09:42:44,867 DEBUG [TestNG-tests-2] cache:45 - "test-view/standard.ftl"("en", UTF-8, parsed) cached copy not yet stale; using cached.
2020-10-19 09:42:44,868 DEBUG [TestNG-tests-2] cache:45 - "test-view/standard.ftl"("en", UTF-8, parsed) cached copy not yet stale; using cached.
2020-10-19 09:42:44,870 DEBUG [TestNG-tests-2] cache:45 - "test-view/standard.ftl"("en", UTF-8, parsed) cached copy not yet stale; using cached.
2020-10-19 09:42:44,871 DEBUG [TestNG-tests-2] cache:45 - "test-view/standard.ftl"("en", UTF-8, parsed) cached copy not yet stale; using cached.
2020-10-19 09:42:44,873 DEBUG [TestNG-tests-2] cache:45 - "test-view/standard.ftl"("en", UTF-8, parsed) cached copy not yet stale; using cached.
2020-10-19 09:42:44,873 DEBUG [TestNG-tests-2] cache:45 - "test-view/standard.ftl"("en", UTF-8, parsed) cached copy not yet stale; using cached.
2020-10-19 09:42:44,874 DEBUG [TestNG-tests-2] cache:45 - "test-view/standard.ftl"("en", UTF-8, parsed) cached copy not yet stale; using cached.
2020-10-19 09:42:44,875 DEBUG [TestNG-tests-2] cache:45 - Couldn't find template in cache for "category-view/category-view.ftl"("en", UTF-8, parsed); will try to load it.
2020-10-19 09:42:44,875 DEBUG [TestNG-tests-2] cache:45 - TemplateLoader.findTemplateSource("category-view/category-view_en.ftl"): Not found
2020-10-19 09:42:44,876 DEBUG [TestNG-tests-2] cache:45 - TemplateLoader.findTemplateSource("category-view/category-view.ftl"): Found
2020-10-19 09:42:44,876 DEBUG [TestNG-tests-2] cache:45 - Loading template for "category-view/category-view.ftl"("en", UTF-8, parsed) from "jar:file:/Users/ibrahimbozkurt/.m2/repository/com/aventstack/extentreports/3.1.5/extentreports-3.1.5.jar!/com/aventstack/extentreports/view/html-report/category-view/category-view.ftl"
2020-10-19 09:42:44,881 DEBUG [TestNG-tests-2] cache:45 - Couldn't find template in cache for "author-view/author-view.ftl"("en", UTF-8, parsed); will try to load it.
2020-10-19 09:42:44,882 DEBUG [TestNG-tests-2] cache:45 - TemplateLoader.findTemplateSource("author-view/author-view_en.ftl"): Not found
2020-10-19 09:42:44,882 DEBUG [TestNG-tests-2] cache:45 - TemplateLoader.findTemplateSource("author-view/author-view.ftl"): Found
2020-10-19 09:42:44,882 DEBUG [TestNG-tests-2] cache:45 - Loading template for "author-view/author-view.ftl"("en", UTF-8, parsed) from "jar:file:/Users/ibrahimbozkurt/.m2/repository/com/aventstack/extentreports/3.1.5/extentreports-3.1.5.jar!/com/aventstack/extentreports/view/html-report/author-view/author-view.ftl"
2020-10-19 09:42:44,886 DEBUG [TestNG-tests-2] cache:45 - Couldn't find template in cache for "exception-view/exception-view.ftl"("en", UTF-8, parsed); will try to load it.
2020-10-19 09:42:44,887 DEBUG [TestNG-tests-2] cache:45 - TemplateLoader.findTemplateSource("exception-view/exception-view_en.ftl"): Not found
2020-10-19 09:42:44,887 DEBUG [TestNG-tests-2] cache:45 - TemplateLoader.findTemplateSource("exception-view/exception-view.ftl"): Found
2020-10-19 09:42:44,888 DEBUG [TestNG-tests-2] cache:45 - Loading template for "exception-view/exception-view.ftl"("en", UTF-8, parsed) from "jar:file:/Users/ibrahimbozkurt/.m2/repository/com/aventstack/extentreports/3.1.5/extentreports-3.1.5.jar!/com/aventstack/extentreports/view/html-report/exception-view/exception-view.ftl"
2020-10-19 09:42:44,892 DEBUG [TestNG-tests-2] cache:45 - Couldn't find template in cache for "dashboard-view/dashboard-view.ftl"("en", UTF-8, parsed); will try to load it.
2020-10-19 09:42:44,893 DEBUG [TestNG-tests-2] cache:45 - TemplateLoader.findTemplateSource("dashboard-view/dashboard-view_en.ftl"): Not found
2020-10-19 09:42:44,893 DEBUG [TestNG-tests-2] cache:45 - TemplateLoader.findTemplateSource("dashboard-view/dashboard-view.ftl"): Found
2020-10-19 09:42:44,893 DEBUG [TestNG-tests-2] cache:45 - Loading template for "dashboard-view/dashboard-view.ftl"("en", UTF-8, parsed) from "jar:file:/Users/ibrahimbozkurt/.m2/repository/com/aventstack/extentreports/3.1.5/extentreports-3.1.5.jar!/com/aventstack/extentreports/view/html-report/dashboard-view/dashboard-view.ftl"
2020-10-19 09:42:44,899 DEBUG [TestNG-tests-2] cache:45 - Couldn't find template in cache for "logs-view/testrunner-logs-view.ftl"("en", UTF-8, parsed); will try to load it.
2020-10-19 09:42:44,899 DEBUG [TestNG-tests-2] cache:45 - TemplateLoader.findTemplateSource("logs-view/testrunner-logs-view_en.ftl"): Not found
2020-10-19 09:42:44,899 DEBUG [TestNG-tests-2] cache:45 - TemplateLoader.findTemplateSource("logs-view/testrunner-logs-view.ftl"): Found
2020-10-19 09:42:44,900 DEBUG [TestNG-tests-2] cache:45 - Loading template for "logs-view/testrunner-logs-view.ftl"("en", UTF-8, parsed) from "jar:file:/Users/ibrahimbozkurt/.m2/repository/com/aventstack/extentreports/3.1.5/extentreports-3.1.5.jar!/com/aventstack/extentreports/view/html-report/logs-view/testrunner-logs-view.ftl"
2020-10-19 09:42:45,393  INFO [TestNG-test=Orange HRM Regression Tests -- firefox-2] LoginPageTest:81 - starting login test-----------------> login page
2020-10-19 09:42:46,696  INFO [TestNG-test=Orange HRM Regression Tests -- firefox-2] LoginPageTest:86 - ending login method --------------------->  login page
2020-10-19 09:42:46,696  WARN [TestNG-test=Orange HRM Regression Tests -- firefox-2] LoginPageTest:87 - some warning
2020-10-19 09:42:46,696 ERROR [TestNG-test=Orange HRM Regression Tests -- firefox-2] LoginPageTest:88 - some error
2020-10-19 09:42:46,696 FATAL [TestNG-test=Orange HRM Regression Tests -- firefox-2] LoginPageTest:89 - fatal error
2020-10-19 09:42:47,244 DEBUG [TestNG-tests-1] cache:45 - Couldn't find template in cache for "index.ftl"("en", UTF-8, parsed); will try to load it.
2020-10-19 09:42:47,245 DEBUG [TestNG-tests-1] cache:45 - TemplateLoader.findTemplateSource("index_en.ftl"): Not found
2020-10-19 09:42:47,245 DEBUG [TestNG-tests-1] cache:45 - TemplateLoader.findTemplateSource("index.ftl"): Found
2020-10-19 09:42:47,246 DEBUG [TestNG-tests-1] cache:45 - Loading template for "index.ftl"("en", UTF-8, parsed) from "jar:file:/Users/ibrahimbozkurt/.m2/repository/com/aventstack/extentreports/3.1.5/extentreports-3.1.5.jar!/com/aventstack/extentreports/view/html-report/index.ftl"
2020-10-19 09:42:47,252 DEBUG [TestNG-tests-1] cache:45 - Couldn't find template in cache for "head.ftl"("en", UTF-8, parsed); will try to load it.
2020-10-19 09:42:47,253 DEBUG [TestNG-tests-1] cache:45 - TemplateLoader.findTemplateSource("head_en.ftl"): Not found
2020-10-19 09:42:47,253 DEBUG [TestNG-tests-1] cache:45 - TemplateLoader.findTemplateSource("head.ftl"): Found
2020-10-19 09:42:47,253 DEBUG [TestNG-tests-1] cache:45 - Loading template for "head.ftl"("en", UTF-8, parsed) from "jar:file:/Users/ibrahimbozkurt/.m2/repository/com/aventstack/extentreports/3.1.5/extentreports-3.1.5.jar!/com/aventstack/extentreports/view/html-report/head.ftl"
2020-10-19 09:42:47,254 DEBUG [TestNG-tests-1] cache:45 - Couldn't find template in cache for "nav.ftl"("en", UTF-8, parsed); will try to load it.
2020-10-19 09:42:47,254 DEBUG [TestNG-tests-1] cache:45 - TemplateLoader.findTemplateSource("nav_en.ftl"): Not found
2020-10-19 09:42:47,255 DEBUG [TestNG-tests-1] cache:45 - TemplateLoader.findTemplateSource("nav.ftl"): Found
2020-10-19 09:42:47,255 DEBUG [TestNG-tests-1] cache:45 - Loading template for "nav.ftl"("en", UTF-8, parsed) from "jar:file:/Users/ibrahimbozkurt/.m2/repository/com/aventstack/extentreports/3.1.5/extentreports-3.1.5.jar!/com/aventstack/extentreports/view/html-report/nav.ftl"
2020-10-19 09:42:47,257 DEBUG [TestNG-tests-1] cache:45 - Couldn't find template in cache for "test-view/test-view.ftl"("en", UTF-8, parsed); will try to load it.
2020-10-19 09:42:47,257 DEBUG [TestNG-tests-1] cache:45 - TemplateLoader.findTemplateSource("test-view/test-view_en.ftl"): Not found
2020-10-19 09:42:47,257 DEBUG [TestNG-tests-1] cache:45 - TemplateLoader.findTemplateSource("test-view/test-view.ftl"): Found
2020-10-19 09:42:47,257 DEBUG [TestNG-tests-1] cache:45 - Loading template for "test-view/test-view.ftl"("en", UTF-8, parsed) from "jar:file:/Users/ibrahimbozkurt/.m2/repository/com/aventstack/extentreports/3.1.5/extentreports-3.1.5.jar!/com/aventstack/extentreports/view/html-report/test-view/test-view.ftl"
2020-10-19 09:42:47,261 DEBUG [TestNG-tests-1] cache:45 - Couldn't find template in cache for "test-view/test-view-charts.ftl"("en", UTF-8, parsed); will try to load it.
2020-10-19 09:42:47,262 DEBUG [TestNG-tests-1] cache:45 - TemplateLoader.findTemplateSource("test-view/test-view-charts_en.ftl"): Not found
2020-10-19 09:42:47,262 DEBUG [TestNG-tests-1] cache:45 - TemplateLoader.findTemplateSource("test-view/test-view-charts.ftl"): Found
2020-10-19 09:42:47,262 DEBUG [TestNG-tests-1] cache:45 - Loading template for "test-view/test-view-charts.ftl"("en", UTF-8, parsed) from "jar:file:/Users/ibrahimbozkurt/.m2/repository/com/aventstack/extentreports/3.1.5/extentreports-3.1.5.jar!/com/aventstack/extentreports/view/html-report/test-view/test-view-charts.ftl"
2020-10-19 09:42:47,266 DEBUG [TestNG-tests-1] cache:45 - Couldn't find template in cache for "test-view/standard.ftl"("en", UTF-8, parsed); will try to load it.
2020-10-19 09:42:47,266 DEBUG [TestNG-tests-1] cache:45 - TemplateLoader.findTemplateSource("test-view/standard_en.ftl"): Not found
2020-10-19 09:42:47,266 DEBUG [TestNG-tests-1] cache:45 - TemplateLoader.findTemplateSource("test-view/standard.ftl"): Found
2020-10-19 09:42:47,267 DEBUG [TestNG-tests-1] cache:45 - Loading template for "test-view/standard.ftl"("en", UTF-8, parsed) from "jar:file:/Users/ibrahimbozkurt/.m2/repository/com/aventstack/extentreports/3.1.5/extentreports-3.1.5.jar!/com/aventstack/extentreports/view/html-report/test-view/standard.ftl"
2020-10-19 09:42:47,271 DEBUG [TestNG-tests-1] cache:45 - "test-view/standard.ftl"("en", UTF-8, parsed) cached copy not yet stale; using cached.
2020-10-19 09:42:47,272 DEBUG [TestNG-tests-1] cache:45 - "test-view/standard.ftl"("en", UTF-8, parsed) cached copy not yet stale; using cached.
2020-10-19 09:42:47,273 DEBUG [TestNG-tests-1] cache:45 - "test-view/standard.ftl"("en", UTF-8, parsed) cached copy not yet stale; using cached.
2020-10-19 09:42:47,274 DEBUG [TestNG-tests-1] cache:45 - "test-view/standard.ftl"("en", UTF-8, parsed) cached copy not yet stale; using cached.
2020-10-19 09:42:47,274 DEBUG [TestNG-tests-1] cache:45 - "test-view/standard.ftl"("en", UTF-8, parsed) cached copy not yet stale; using cached.
2020-10-19 09:42:47,274 DEBUG [TestNG-tests-1] cache:45 - "test-view/standard.ftl"("en", UTF-8, parsed) cached copy not yet stale; using cached.
2020-10-19 09:42:47,275 DEBUG [TestNG-tests-1] cache:45 - "test-view/standard.ftl"("en", UTF-8, parsed) cached copy not yet stale; using cached.
2020-10-19 09:42:47,275 DEBUG [TestNG-tests-1] cache:45 - "test-view/standard.ftl"("en", UTF-8, parsed) cached copy not yet stale; using cached.
2020-10-19 09:42:47,275 DEBUG [TestNG-tests-1] cache:45 - "test-view/standard.ftl"("en", UTF-8, parsed) cached copy not yet stale; using cached.
2020-10-19 09:42:47,276 DEBUG [TestNG-tests-1] cache:45 - "test-view/standard.ftl"("en", UTF-8, parsed) cached copy not yet stale; using cached.
2020-10-19 09:42:47,276 DEBUG [TestNG-tests-1] cache:45 - "test-view/standard.ftl"("en", UTF-8, parsed) cached copy not yet stale; using cached.
2020-10-19 09:42:47,276 DEBUG [TestNG-tests-1] cache:45 - "test-view/standard.ftl"("en", UTF-8, parsed) cached copy not yet stale; using cached.
2020-10-19 09:42:47,277 DEBUG [TestNG-tests-1] cache:45 - "test-view/standard.ftl"("en", UTF-8, parsed) cached copy not yet stale; using cached.
2020-10-19 09:42:47,277 DEBUG [TestNG-tests-1] cache:45 - Couldn't find template in cache for "category-view/category-view.ftl"("en", UTF-8, parsed); will try to load it.
2020-10-19 09:42:47,277 DEBUG [TestNG-tests-1] cache:45 - TemplateLoader.findTemplateSource("category-view/category-view_en.ftl"): Not found
2020-10-19 09:42:47,278 DEBUG [TestNG-tests-1] cache:45 - TemplateLoader.findTemplateSource("category-view/category-view.ftl"): Found
2020-10-19 09:42:47,278 DEBUG [TestNG-tests-1] cache:45 - Loading template for "category-view/category-view.ftl"("en", UTF-8, parsed) from "jar:file:/Users/ibrahimbozkurt/.m2/repository/com/aventstack/extentreports/3.1.5/extentreports-3.1.5.jar!/com/aventstack/extentreports/view/html-report/category-view/category-view.ftl"
2020-10-19 09:42:47,281 DEBUG [TestNG-tests-1] cache:45 - Couldn't find template in cache for "author-view/author-view.ftl"("en", UTF-8, parsed); will try to load it.
2020-10-19 09:42:47,281 DEBUG [TestNG-tests-1] cache:45 - TemplateLoader.findTemplateSource("author-view/author-view_en.ftl"): Not found
2020-10-19 09:42:47,281 DEBUG [TestNG-tests-1] cache:45 - TemplateLoader.findTemplateSource("author-view/author-view.ftl"): Found
2020-10-19 09:42:47,281 DEBUG [TestNG-tests-1] cache:45 - Loading template for "author-view/author-view.ftl"("en", UTF-8, parsed) from "jar:file:/Users/ibrahimbozkurt/.m2/repository/com/aventstack/extentreports/3.1.5/extentreports-3.1.5.jar!/com/aventstack/extentreports/view/html-report/author-view/author-view.ftl"
2020-10-19 09:42:47,283 DEBUG [TestNG-tests-1] cache:45 - Couldn't find template in cache for "exception-view/exception-view.ftl"("en", UTF-8, parsed); will try to load it.
2020-10-19 09:42:47,284 DEBUG [TestNG-tests-1] cache:45 - TemplateLoader.findTemplateSource("exception-view/exception-view_en.ftl"): Not found
2020-10-19 09:42:47,284 DEBUG [TestNG-tests-1] cache:45 - TemplateLoader.findTemplateSource("exception-view/exception-view.ftl"): Found
2020-10-19 09:42:47,284 DEBUG [TestNG-tests-1] cache:45 - Loading template for "exception-view/exception-view.ftl"("en", UTF-8, parsed) from "jar:file:/Users/ibrahimbozkurt/.m2/repository/com/aventstack/extentreports/3.1.5/extentreports-3.1.5.jar!/com/aventstack/extentreports/view/html-report/exception-view/exception-view.ftl"
2020-10-19 09:42:47,285 DEBUG [TestNG-tests-1] cache:45 - Couldn't find template in cache for "dashboard-view/dashboard-view.ftl"("en", UTF-8, parsed); will try to load it.
2020-10-19 09:42:47,286 DEBUG [TestNG-tests-1] cache:45 - TemplateLoader.findTemplateSource("dashboard-view/dashboard-view_en.ftl"): Not found
2020-10-19 09:42:47,286 DEBUG [TestNG-tests-1] cache:45 - TemplateLoader.findTemplateSource("dashboard-view/dashboard-view.ftl"): Found
2020-10-19 09:42:47,286 DEBUG [TestNG-tests-1] cache:45 - Loading template for "dashboard-view/dashboard-view.ftl"("en", UTF-8, parsed) from "jar:file:/Users/ibrahimbozkurt/.m2/repository/com/aventstack/extentreports/3.1.5/extentreports-3.1.5.jar!/com/aventstack/extentreports/view/html-report/dashboard-view/dashboard-view.ftl"
2020-10-19 09:42:47,289 DEBUG [TestNG-tests-1] cache:45 - Couldn't find template in cache for "logs-view/testrunner-logs-view.ftl"("en", UTF-8, parsed); will try to load it.
2020-10-19 09:42:47,290 DEBUG [TestNG-tests-1] cache:45 - TemplateLoader.findTemplateSource("logs-view/testrunner-logs-view_en.ftl"): Not found
2020-10-19 09:42:47,290 DEBUG [TestNG-tests-1] cache:45 - TemplateLoader.findTemplateSource("logs-view/testrunner-logs-view.ftl"): Found
2020-10-19 09:42:47,290 DEBUG [TestNG-tests-1] cache:45 - Loading template for "logs-view/testrunner-logs-view.ftl"("en", UTF-8, parsed) from "jar:file:/Users/ibrahimbozkurt/.m2/repository/com/aventstack/extentreports/3.1.5/extentreports-3.1.5.jar!/com/aventstack/extentreports/view/html-report/logs-view/testrunner-logs-view.ftl"
